[2025-06-13 22:48:36] local.ERROR: Trying to access array offset on value of type null {"exception":"[object] (ErrorException(code: 0): Trying to access array offset on value of type null at /www/wwwroot/Ex-Site/app/Users.php:276)
[stacktrace]
#0 /www/wwwroot/Ex-Site/app/Users.php(276): Illuminate\\Foundation\\Bootstrap\\HandleExceptions->handleError()
#1 /www/wwwroot/Ex-Site/vendor/laravel/framework/src/Illuminate/Database/Eloquent/Concerns/HasAttributes.php(438): App\\Users->getAccountAttribute()
#2 /www/wwwroot/Ex-Site/vendor/laravel/framework/src/Illuminate/Database/Eloquent/Concerns/HasAttributes.php(450): Illuminate\\Database\\Eloquent\\Model->mutateAttribute()
#3 /www/wwwroot/Ex-Site/vendor/laravel/framework/src/Illuminate/Database/Eloquent/Concerns/HasAttributes.php(109): Illuminate\\Database\\Eloquent\\Model->mutateAttributeForArray()
#4 /www/wwwroot/Ex-Site/vendor/laravel/framework/src/Illuminate/Database/Eloquent/Model.php(977): Illuminate\\Database\\Eloquent\\Model->attributesToArray()
#5 /www/wwwroot/Ex-Site/vendor/laravel/framework/src/Illuminate/Database/Eloquent/Model.php(1006): Illuminate\\Database\\Eloquent\\Model->toArray()
#6 [internal function]: Illuminate\\Database\\Eloquent\\Model->jsonSerialize()
#7 /www/wwwroot/Ex-Site/vendor/laravel/framework/src/Illuminate/Http/JsonResponse.php(71): json_encode()
#8 /www/wwwroot/Ex-Site/vendor/symfony/http-foundation/JsonResponse.php(50): Illuminate\\Http\\JsonResponse->setData()
#9 /www/wwwroot/Ex-Site/vendor/laravel/framework/src/Illuminate/Http/JsonResponse.php(31): Symfony\\Component\\HttpFoundation\\JsonResponse->__construct()
#10 /www/wwwroot/Ex-Site/vendor/laravel/framework/src/Illuminate/Routing/ResponseFactory.php(83): Illuminate\\Http\\JsonResponse->__construct()
#11 /www/wwwroot/Ex-Site/app/Http/Controllers/Admin/UserController.php(272): Illuminate\\Routing\\ResponseFactory->json()
#12 [internal function]: App\\Http\\Controllers\\Admin\\UserController->lists()
#13 /www/wwwroot/Ex-Site/vendor/laravel/framework/src/Illuminate/Routing/Controller.php(54): call_user_func_array()
#14 /www/wwwroot/Ex-Site/vendor/laravel/framework/src/Illuminate/Routing/ControllerDispatcher.php(45): Illuminate\\Routing\\Controller->callAction()
#15 /www/wwwroot/Ex-Site/vendor/laravel/framework/src/Illuminate/Routing/Route.php(212): Illuminate\\Routing\\ControllerDispatcher->dispatch()
#16 /www/wwwroot/Ex-Site/vendor/laravel/framework/src/Illuminate/Routing/Route.php(169): Illuminate\\Routing\\Route->runController()
#17 /www/wwwroot/Ex-Site/vendor/laravel/framework/src/Illuminate/Routing/Router.php(658): Illuminate\\Routing\\Route->run()
#18 /www/wwwroot/Ex-Site/vendor/laravel/framework/src/Illuminate/Routing/Pipeline.php(30): Illuminate\\Routing\\Router->Illuminate\\Routing\\{closure}()
#19 /www/wwwroot/Ex-Site/app/Http/Middleware/AdminAuthenticate.php(118): Illuminate\\Routing\\Pipeline->Illuminate\\Routing\\{closure}()
#20 /www/wwwroot/Ex-Site/vendor/laravel/framework/src/Illuminate/Pipeline/Pipeline.php(149): App\\Http\\Middleware\\AdminAuthenticate->handle()
#21 /www/wwwroot/Ex-Site/vendor/laravel/framework/src/Illuminate/Routing/Pipeline.php(53): Illuminate\\Pipeline\\Pipeline->Illuminate\\Pipeline\\{closure}()
#22 /www/wwwroot/Ex-Site/app/Http/Middleware/Language.php(24): Illuminate\\Routing\\Pipeline->Illuminate\\Routing\\{closure}()
#23 /www/wwwroot/Ex-Site/vendor/laravel/framework/src/Illuminate/Pipeline/Pipeline.php(149): App\\Http\\Middleware\\Language->handle()
#24 /www/wwwroot/Ex-Site/vendor/laravel/framework/src/Illuminate/Routing/Pipeline.php(53): Illuminate\\Pipeline\\Pipeline->Illuminate\\Pipeline\\{closure}()
#25 /www/wwwroot/Ex-Site/vendor/laravel/framework/src/Illuminate/Routing/Middleware/SubstituteBindings.php(41): Illuminate\\Routing\\Pipeline->Illuminate\\Routing\\{closure}()
#26 /www/wwwroot/Ex-Site/vendor/laravel/framework/src/Illuminate/Pipeline/Pipeline.php(149): Illuminate\\Routing\\Middleware\\SubstituteBindings->handle()
#27 /www/wwwroot/Ex-Site/vendor/laravel/framework/src/Illuminate/Routing/Pipeline.php(53): Illuminate\\Pipeline\\Pipeline->Illuminate\\Pipeline\\{closure}()
#28 /www/wwwroot/Ex-Site/vendor/laravel/framework/src/Illuminate/View/Middleware/ShareErrorsFromSession.php(49): Illuminate\\Routing\\Pipeline->Illuminate\\Routing\\{closure}()
#29 /www/wwwroot/Ex-Site/vendor/laravel/framework/src/Illuminate/Pipeline/Pipeline.php(149): Illuminate\\View\\Middleware\\ShareErrorsFromSession->handle()
#30 /www/wwwroot/Ex-Site/vendor/laravel/framework/src/Illuminate/Routing/Pipeline.php(53): Illuminate\\Pipeline\\Pipeline->Illuminate\\Pipeline\\{closure}()
#31 /www/wwwroot/Ex-Site/vendor/laravel/framework/src/Illuminate/Session/Middleware/StartSession.php(63): Illuminate\\Routing\\Pipeline->Illuminate\\Routing\\{closure}()
#32 /www/wwwroot/Ex-Site/vendor/laravel/framework/src/Illuminate/Pipeline/Pipeline.php(149): Illuminate\\Session\\Middleware\\StartSession->handle()
#33 /www/wwwroot/Ex-Site/vendor/laravel/framework/src/Illuminate/Routing/Pipeline.php(53): Illuminate\\Pipeline\\Pipeline->Illuminate\\Pipeline\\{closure}()
#34 /www/wwwroot/Ex-Site/vendor/laravel/framework/src/Illuminate/Cookie/Middleware/AddQueuedCookiesToResponse.php(37): Illuminate\\Routing\\Pipeline->Illuminate\\Routing\\{closure}()
#35 /www/wwwroot/Ex-Site/vendor/laravel/framework/src/Illuminate/Pipeline/Pipeline.php(149): Illuminate\\Cookie\\Middleware\\AddQueuedCookiesToResponse->handle()
#36 /www/wwwroot/Ex-Site/vendor/laravel/framework/src/Illuminate/Routing/Pipeline.php(53): Illuminate\\Pipeline\\Pipeline->Illuminate\\Pipeline\\{closure}()
#37 /www/wwwroot/Ex-Site/vendor/laravel/framework/src/Illuminate/Cookie/Middleware/EncryptCookies.php(68): Illuminate\\Routing\\Pipeline->Illuminate\\Routing\\{closure}()
#38 /www/wwwroot/Ex-Site/vendor/laravel/framework/src/Illuminate/Pipeline/Pipeline.php(149): Illuminate\\Cookie\\Middleware\\EncryptCookies->handle()
#39 /www/wwwroot/Ex-Site/vendor/laravel/framework/src/Illuminate/Routing/Pipeline.php(53): Illuminate\\Pipeline\\Pipeline->Illuminate\\Pipeline\\{closure}()
#40 /www/wwwroot/Ex-Site/vendor/laravel/framework/src/Illuminate/Pipeline/Pipeline.php(102): Illuminate\\Routing\\Pipeline->Illuminate\\Routing\\{closure}()
#41 /www/wwwroot/Ex-Site/vendor/laravel/framework/src/Illuminate/Routing/Router.php(660): Illuminate\\Pipeline\\Pipeline->then()
#42 /www/wwwroot/Ex-Site/vendor/laravel/framework/src/Illuminate/Routing/Router.php(635): Illuminate\\Routing\\Router->runRouteWithinStack()
#43 /www/wwwroot/Ex-Site/vendor/laravel/framework/src/Illuminate/Routing/Router.php(601): Illuminate\\Routing\\Router->runRoute()
#44 /www/wwwroot/Ex-Site/vendor/laravel/framework/src/Illuminate/Routing/Router.php(590): Illuminate\\Routing\\Router->dispatchToRoute()
#45 /www/wwwroot/Ex-Site/vendor/laravel/framework/src/Illuminate/Foundation/Http/Kernel.php(176): Illuminate\\Routing\\Router->dispatch()
#46 /www/wwwroot/Ex-Site/vendor/laravel/framework/src/Illuminate/Routing/Pipeline.php(30): Illuminate\\Foundation\\Http\\Kernel->Illuminate\\Foundation\\Http\\{closure}()
#47 /www/wwwroot/Ex-Site/app/Http/Middleware/EnableCrossRequestMiddleware.php(14): Illuminate\\Routing\\Pipeline->Illuminate\\Routing\\{closure}()
#48 /www/wwwroot/Ex-Site/vendor/laravel/framework/src/Illuminate/Pipeline/Pipeline.php(149): App\\Http\\Middleware\\EnableCrossRequestMiddleware->handle()
#49 /www/wwwroot/Ex-Site/vendor/laravel/framework/src/Illuminate/Routing/Pipeline.php(53): Illuminate\\Pipeline\\Pipeline->Illuminate\\Pipeline\\{closure}()
#50 /www/wwwroot/Ex-Site/vendor/fideloper/proxy/src/TrustProxies.php(56): Illuminate\\Routing\\Pipeline->Illuminate\\Routing\\{closure}()
#51 /www/wwwroot/Ex-Site/vendor/laravel/framework/src/Illuminate/Pipeline/Pipeline.php(149): Fideloper\\Proxy\\TrustProxies->handle()
#52 /www/wwwroot/Ex-Site/vendor/laravel/framework/src/Illuminate/Routing/Pipeline.php(53): Illuminate\\Pipeline\\Pipeline->Illuminate\\Pipeline\\{closure}()
#53 /www/wwwroot/Ex-Site/vendor/laravel/framework/src/Illuminate/Foundation/Http/Middleware/TransformsRequest.php(30): Illuminate\\Routing\\Pipeline->Illuminate\\Routing\\{closure}()
#54 /www/wwwroot/Ex-Site/vendor/laravel/framework/src/Illuminate/Pipeline/Pipeline.php(149): Illuminate\\Foundation\\Http\\Middleware\\TransformsRequest->handle()
#55 /www/wwwroot/Ex-Site/vendor/laravel/framework/src/Illuminate/Routing/Pipeline.php(53): Illuminate\\Pipeline\\Pipeline->Illuminate\\Pipeline\\{closure}()
#56 /www/wwwroot/Ex-Site/vendor/laravel/framework/src/Illuminate/Foundation/Http/Middleware/TransformsRequest.php(30): Illuminate\\Routing\\Pipeline->Illuminate\\Routing\\{closure}()
#57 /www/wwwroot/Ex-Site/vendor/laravel/framework/src/Illuminate/Pipeline/Pipeline.php(149): Illuminate\\Foundation\\Http\\Middleware\\TransformsRequest->handle()
#58 /www/wwwroot/Ex-Site/vendor/laravel/framework/src/Illuminate/Routing/Pipeline.php(53): Illuminate\\Pipeline\\Pipeline->Illuminate\\Pipeline\\{closure}()
#59 /www/wwwroot/Ex-Site/vendor/laravel/framework/src/Illuminate/Foundation/Http/Middleware/ValidatePostSize.php(27): Illuminate\\Routing\\Pipeline->Illuminate\\Routing\\{closure}()
#60 /www/wwwroot/Ex-Site/vendor/laravel/framework/src/Illuminate/Pipeline/Pipeline.php(149): Illuminate\\Foundation\\Http\\Middleware\\ValidatePostSize->handle()
#61 /www/wwwroot/Ex-Site/vendor/laravel/framework/src/Illuminate/Routing/Pipeline.php(53): Illuminate\\Pipeline\\Pipeline->Illuminate\\Pipeline\\{closure}()
#62 /www/wwwroot/Ex-Site/vendor/laravel/framework/src/Illuminate/Foundation/Http/Middleware/CheckForMaintenanceMode.php(46): Illuminate\\Routing\\Pipeline->Illuminate\\Routing\\{closure}()
#63 /www/wwwroot/Ex-Site/vendor/laravel/framework/src/Illuminate/Pipeline/Pipeline.php(149): Illuminate\\Foundation\\Http\\Middleware\\CheckForMaintenanceMode->handle()
#64 /www/wwwroot/Ex-Site/vendor/laravel/framework/src/Illuminate/Routing/Pipeline.php(53): Illuminate\\Pipeline\\Pipeline->Illuminate\\Pipeline\\{closure}()
#65 /www/wwwroot/Ex-Site/vendor/laravel/framework/src/Illuminate/Pipeline/Pipeline.php(102): Illuminate\\Routing\\Pipeline->Illuminate\\Routing\\{closure}()
#66 /www/wwwroot/Ex-Site/vendor/laravel/framework/src/Illuminate/Foundation/Http/Kernel.php(151): Illuminate\\Pipeline\\Pipeline->then()
#67 /www/wwwroot/Ex-Site/vendor/laravel/framework/src/Illuminate/Foundation/Http/Kernel.php(116): Illuminate\\Foundation\\Http\\Kernel->sendRequestThroughRouter()
#68 /www/wwwroot/Ex-Site/public/index.php(60): Illuminate\\Foundation\\Http\\Kernel->handle()
#69 {main}
"} 
[2025-06-13 22:49:04] local.ERROR: Trying to access array offset on value of type null {"exception":"[object] (ErrorException(code: 0): Trying to access array offset on value of type null at /www/wwwroot/Ex-Site/app/Users.php:276)
[stacktrace]
#0 /www/wwwroot/Ex-Site/app/Users.php(276): Illuminate\\Foundation\\Bootstrap\\HandleExceptions->handleError()
#1 /www/wwwroot/Ex-Site/vendor/laravel/framework/src/Illuminate/Database/Eloquent/Concerns/HasAttributes.php(438): App\\Users->getAccountAttribute()
#2 /www/wwwroot/Ex-Site/vendor/laravel/framework/src/Illuminate/Database/Eloquent/Concerns/HasAttributes.php(450): Illuminate\\Database\\Eloquent\\Model->mutateAttribute()
#3 /www/wwwroot/Ex-Site/vendor/laravel/framework/src/Illuminate/Database/Eloquent/Concerns/HasAttributes.php(109): Illuminate\\Database\\Eloquent\\Model->mutateAttributeForArray()
#4 /www/wwwroot/Ex-Site/vendor/laravel/framework/src/Illuminate/Database/Eloquent/Model.php(977): Illuminate\\Database\\Eloquent\\Model->attributesToArray()
#5 /www/wwwroot/Ex-Site/vendor/laravel/framework/src/Illuminate/Database/Eloquent/Model.php(1006): Illuminate\\Database\\Eloquent\\Model->toArray()
#6 [internal function]: Illuminate\\Database\\Eloquent\\Model->jsonSerialize()
#7 /www/wwwroot/Ex-Site/vendor/laravel/framework/src/Illuminate/Http/JsonResponse.php(71): json_encode()
#8 /www/wwwroot/Ex-Site/vendor/symfony/http-foundation/JsonResponse.php(50): Illuminate\\Http\\JsonResponse->setData()
#9 /www/wwwroot/Ex-Site/vendor/laravel/framework/src/Illuminate/Http/JsonResponse.php(31): Symfony\\Component\\HttpFoundation\\JsonResponse->__construct()
#10 /www/wwwroot/Ex-Site/vendor/laravel/framework/src/Illuminate/Routing/ResponseFactory.php(83): Illuminate\\Http\\JsonResponse->__construct()
#11 /www/wwwroot/Ex-Site/app/Http/Controllers/Admin/UserController.php(272): Illuminate\\Routing\\ResponseFactory->json()
#12 [internal function]: App\\Http\\Controllers\\Admin\\UserController->lists()
#13 /www/wwwroot/Ex-Site/vendor/laravel/framework/src/Illuminate/Routing/Controller.php(54): call_user_func_array()
#14 /www/wwwroot/Ex-Site/vendor/laravel/framework/src/Illuminate/Routing/ControllerDispatcher.php(45): Illuminate\\Routing\\Controller->callAction()
#15 /www/wwwroot/Ex-Site/vendor/laravel/framework/src/Illuminate/Routing/Route.php(212): Illuminate\\Routing\\ControllerDispatcher->dispatch()
#16 /www/wwwroot/Ex-Site/vendor/laravel/framework/src/Illuminate/Routing/Route.php(169): Illuminate\\Routing\\Route->runController()
#17 /www/wwwroot/Ex-Site/vendor/laravel/framework/src/Illuminate/Routing/Router.php(658): Illuminate\\Routing\\Route->run()
#18 /www/wwwroot/Ex-Site/vendor/laravel/framework/src/Illuminate/Routing/Pipeline.php(30): Illuminate\\Routing\\Router->Illuminate\\Routing\\{closure}()
#19 /www/wwwroot/Ex-Site/app/Http/Middleware/AdminAuthenticate.php(118): Illuminate\\Routing\\Pipeline->Illuminate\\Routing\\{closure}()
#20 /www/wwwroot/Ex-Site/vendor/laravel/framework/src/Illuminate/Pipeline/Pipeline.php(149): App\\Http\\Middleware\\AdminAuthenticate->handle()
#21 /www/wwwroot/Ex-Site/vendor/laravel/framework/src/Illuminate/Routing/Pipeline.php(53): Illuminate\\Pipeline\\Pipeline->Illuminate\\Pipeline\\{closure}()
#22 /www/wwwroot/Ex-Site/app/Http/Middleware/Language.php(24): Illuminate\\Routing\\Pipeline->Illuminate\\Routing\\{closure}()
#23 /www/wwwroot/Ex-Site/vendor/laravel/framework/src/Illuminate/Pipeline/Pipeline.php(149): App\\Http\\Middleware\\Language->handle()
#24 /www/wwwroot/Ex-Site/vendor/laravel/framework/src/Illuminate/Routing/Pipeline.php(53): Illuminate\\Pipeline\\Pipeline->Illuminate\\Pipeline\\{closure}()
#25 /www/wwwroot/Ex-Site/vendor/laravel/framework/src/Illuminate/Routing/Middleware/SubstituteBindings.php(41): Illuminate\\Routing\\Pipeline->Illuminate\\Routing\\{closure}()
#26 /www/wwwroot/Ex-Site/vendor/laravel/framework/src/Illuminate/Pipeline/Pipeline.php(149): Illuminate\\Routing\\Middleware\\SubstituteBindings->handle()
#27 /www/wwwroot/Ex-Site/vendor/laravel/framework/src/Illuminate/Routing/Pipeline.php(53): Illuminate\\Pipeline\\Pipeline->Illuminate\\Pipeline\\{closure}()
#28 /www/wwwroot/Ex-Site/vendor/laravel/framework/src/Illuminate/View/Middleware/ShareErrorsFromSession.php(49): Illuminate\\Routing\\Pipeline->Illuminate\\Routing\\{closure}()
#29 /www/wwwroot/Ex-Site/vendor/laravel/framework/src/Illuminate/Pipeline/Pipeline.php(149): Illuminate\\View\\Middleware\\ShareErrorsFromSession->handle()
#30 /www/wwwroot/Ex-Site/vendor/laravel/framework/src/Illuminate/Routing/Pipeline.php(53): Illuminate\\Pipeline\\Pipeline->Illuminate\\Pipeline\\{closure}()
#31 /www/wwwroot/Ex-Site/vendor/laravel/framework/src/Illuminate/Session/Middleware/StartSession.php(63): Illuminate\\Routing\\Pipeline->Illuminate\\Routing\\{closure}()
#32 /www/wwwroot/Ex-Site/vendor/laravel/framework/src/Illuminate/Pipeline/Pipeline.php(149): Illuminate\\Session\\Middleware\\StartSession->handle()
#33 /www/wwwroot/Ex-Site/vendor/laravel/framework/src/Illuminate/Routing/Pipeline.php(53): Illuminate\\Pipeline\\Pipeline->Illuminate\\Pipeline\\{closure}()
#34 /www/wwwroot/Ex-Site/vendor/laravel/framework/src/Illuminate/Cookie/Middleware/AddQueuedCookiesToResponse.php(37): Illuminate\\Routing\\Pipeline->Illuminate\\Routing\\{closure}()
#35 /www/wwwroot/Ex-Site/vendor/laravel/framework/src/Illuminate/Pipeline/Pipeline.php(149): Illuminate\\Cookie\\Middleware\\AddQueuedCookiesToResponse->handle()
#36 /www/wwwroot/Ex-Site/vendor/laravel/framework/src/Illuminate/Routing/Pipeline.php(53): Illuminate\\Pipeline\\Pipeline->Illuminate\\Pipeline\\{closure}()
#37 /www/wwwroot/Ex-Site/vendor/laravel/framework/src/Illuminate/Cookie/Middleware/EncryptCookies.php(68): Illuminate\\Routing\\Pipeline->Illuminate\\Routing\\{closure}()
#38 /www/wwwroot/Ex-Site/vendor/laravel/framework/src/Illuminate/Pipeline/Pipeline.php(149): Illuminate\\Cookie\\Middleware\\EncryptCookies->handle()
#39 /www/wwwroot/Ex-Site/vendor/laravel/framework/src/Illuminate/Routing/Pipeline.php(53): Illuminate\\Pipeline\\Pipeline->Illuminate\\Pipeline\\{closure}()
#40 /www/wwwroot/Ex-Site/vendor/laravel/framework/src/Illuminate/Pipeline/Pipeline.php(102): Illuminate\\Routing\\Pipeline->Illuminate\\Routing\\{closure}()
#41 /www/wwwroot/Ex-Site/vendor/laravel/framework/src/Illuminate/Routing/Router.php(660): Illuminate\\Pipeline\\Pipeline->then()
#42 /www/wwwroot/Ex-Site/vendor/laravel/framework/src/Illuminate/Routing/Router.php(635): Illuminate\\Routing\\Router->runRouteWithinStack()
#43 /www/wwwroot/Ex-Site/vendor/laravel/framework/src/Illuminate/Routing/Router.php(601): Illuminate\\Routing\\Router->runRoute()
#44 /www/wwwroot/Ex-Site/vendor/laravel/framework/src/Illuminate/Routing/Router.php(590): Illuminate\\Routing\\Router->dispatchToRoute()
#45 /www/wwwroot/Ex-Site/vendor/laravel/framework/src/Illuminate/Foundation/Http/Kernel.php(176): Illuminate\\Routing\\Router->dispatch()
#46 /www/wwwroot/Ex-Site/vendor/laravel/framework/src/Illuminate/Routing/Pipeline.php(30): Illuminate\\Foundation\\Http\\Kernel->Illuminate\\Foundation\\Http\\{closure}()
#47 /www/wwwroot/Ex-Site/app/Http/Middleware/EnableCrossRequestMiddleware.php(14): Illuminate\\Routing\\Pipeline->Illuminate\\Routing\\{closure}()
#48 /www/wwwroot/Ex-Site/vendor/laravel/framework/src/Illuminate/Pipeline/Pipeline.php(149): App\\Http\\Middleware\\EnableCrossRequestMiddleware->handle()
#49 /www/wwwroot/Ex-Site/vendor/laravel/framework/src/Illuminate/Routing/Pipeline.php(53): Illuminate\\Pipeline\\Pipeline->Illuminate\\Pipeline\\{closure}()
#50 /www/wwwroot/Ex-Site/vendor/fideloper/proxy/src/TrustProxies.php(56): Illuminate\\Routing\\Pipeline->Illuminate\\Routing\\{closure}()
#51 /www/wwwroot/Ex-Site/vendor/laravel/framework/src/Illuminate/Pipeline/Pipeline.php(149): Fideloper\\Proxy\\TrustProxies->handle()
#52 /www/wwwroot/Ex-Site/vendor/laravel/framework/src/Illuminate/Routing/Pipeline.php(53): Illuminate\\Pipeline\\Pipeline->Illuminate\\Pipeline\\{closure}()
#53 /www/wwwroot/Ex-Site/vendor/laravel/framework/src/Illuminate/Foundation/Http/Middleware/TransformsRequest.php(30): Illuminate\\Routing\\Pipeline->Illuminate\\Routing\\{closure}()
#54 /www/wwwroot/Ex-Site/vendor/laravel/framework/src/Illuminate/Pipeline/Pipeline.php(149): Illuminate\\Foundation\\Http\\Middleware\\TransformsRequest->handle()
#55 /www/wwwroot/Ex-Site/vendor/laravel/framework/src/Illuminate/Routing/Pipeline.php(53): Illuminate\\Pipeline\\Pipeline->Illuminate\\Pipeline\\{closure}()
#56 /www/wwwroot/Ex-Site/vendor/laravel/framework/src/Illuminate/Foundation/Http/Middleware/TransformsRequest.php(30): Illuminate\\Routing\\Pipeline->Illuminate\\Routing\\{closure}()
#57 /www/wwwroot/Ex-Site/vendor/laravel/framework/src/Illuminate/Pipeline/Pipeline.php(149): Illuminate\\Foundation\\Http\\Middleware\\TransformsRequest->handle()
#58 /www/wwwroot/Ex-Site/vendor/laravel/framework/src/Illuminate/Routing/Pipeline.php(53): Illuminate\\Pipeline\\Pipeline->Illuminate\\Pipeline\\{closure}()
#59 /www/wwwroot/Ex-Site/vendor/laravel/framework/src/Illuminate/Foundation/Http/Middleware/ValidatePostSize.php(27): Illuminate\\Routing\\Pipeline->Illuminate\\Routing\\{closure}()
#60 /www/wwwroot/Ex-Site/vendor/laravel/framework/src/Illuminate/Pipeline/Pipeline.php(149): Illuminate\\Foundation\\Http\\Middleware\\ValidatePostSize->handle()
#61 /www/wwwroot/Ex-Site/vendor/laravel/framework/src/Illuminate/Routing/Pipeline.php(53): Illuminate\\Pipeline\\Pipeline->Illuminate\\Pipeline\\{closure}()
#62 /www/wwwroot/Ex-Site/vendor/laravel/framework/src/Illuminate/Foundation/Http/Middleware/CheckForMaintenanceMode.php(46): Illuminate\\Routing\\Pipeline->Illuminate\\Routing\\{closure}()
#63 /www/wwwroot/Ex-Site/vendor/laravel/framework/src/Illuminate/Pipeline/Pipeline.php(149): Illuminate\\Foundation\\Http\\Middleware\\CheckForMaintenanceMode->handle()
#64 /www/wwwroot/Ex-Site/vendor/laravel/framework/src/Illuminate/Routing/Pipeline.php(53): Illuminate\\Pipeline\\Pipeline->Illuminate\\Pipeline\\{closure}()
#65 /www/wwwroot/Ex-Site/vendor/laravel/framework/src/Illuminate/Pipeline/Pipeline.php(102): Illuminate\\Routing\\Pipeline->Illuminate\\Routing\\{closure}()
#66 /www/wwwroot/Ex-Site/vendor/laravel/framework/src/Illuminate/Foundation/Http/Kernel.php(151): Illuminate\\Pipeline\\Pipeline->then()
#67 /www/wwwroot/Ex-Site/vendor/laravel/framework/src/Illuminate/Foundation/Http/Kernel.php(116): Illuminate\\Foundation\\Http\\Kernel->sendRequestThroughRouter()
#68 /www/wwwroot/Ex-Site/public/index.php(60): Illuminate\\Foundation\\Http\\Kernel->handle()
#69 {main}
"} 
